<?xml version="1.0" encoding="UTF-8"?>
<!-- Generated by org.testng.reporters.JUnitReportReporter -->
<testsuite hostname="DESKTOP-NJVK0I1" failures="0" tests="7" name="test.BNSExcelDataTest" time="9.251" errors="0" timestamp="08 Jun 2020 04:43:52 GMT" skipped="0">
  <testcase classname="test.BNSExcelDataTest" name="BNSTest" time="1.384"/>
  <testcase classname="test.BNSExcelDataTest" name="BNSTest" time="1.334"/>
  <testcase classname="test.BNSExcelDataTest" name="BNSTest" time="1.410"/>
  <testcase classname="test.BNSExcelDataTest" name="BNSTest" time="1.418"/>
  <testcase classname="test.BNSExcelDataTest" name="BNSTest" time="1.204"/>
  <testcase classname="test.BNSExcelDataTest" name="BNSTest" time="1.323"/>
  <testcase classname="test.BNSExcelDataTest" name="BNSTest" time="1.178"/>
</testsuite> <!-- test.BNSExcelDataTest -->
