<?xml version="1.0" encoding="UTF-8"?>
<!-- Generated by org.testng.reporters.JUnitReportReporter -->
<testsuite hostname="DESKTOP-NJVK0I1" failures="0" tests="6" name="test.BMICalculateTest" time="1.934" errors="0" timestamp="08 Jun 2020 04:43:52 GMT" skipped="0">
  <testcase classname="test.BMICalculateTest" name="CategoryNormal" time="0.511"/>
  <testcase classname="test.BMICalculateTest" name="NoWeightField" time="0.271"/>
  <testcase classname="test.BMICalculateTest" name="CategoryOverWeight" time="0.317"/>
  <testcase classname="test.BMICalculateTest" name="CategoryObesity" time="0.343"/>
  <testcase classname="test.BMICalculateTest" name="NoHeightField" time="0.237"/>
  <testcase classname="test.BMICalculateTest" name="CategoryUnderWeight" time="0.255"/>
</testsuite> <!-- test.BMICalculateTest -->
