<?xml version="1.0" encoding="UTF-8"?>
<!-- Generated by org.testng.reporters.JUnitReportReporter -->
<testsuite hostname="DESKTOP-NJVK0I1" failures="0" tests="4" name="test.FundTransferTest" time="13.270" errors="0" timestamp="08 Jun 2020 04:43:52 GMT" skipped="0">
  <testcase classname="test.FundTransferTest" name="InvalidPayeeValidAmount" time="3.502"/>
  <testcase classname="test.FundTransferTest" name="ValidPayeeNoAmount" time="3.250"/>
  <testcase classname="test.FundTransferTest" name="ValidPayeeValidAmount" time="3.249"/>
  <testcase classname="test.FundTransferTest" name="ValidPayeeInvalidAmount" time="3.269"/>
</testsuite> <!-- test.FundTransferTest -->
